assets by path [1m[32mcomponents/[39m[22m 24.9 KiB 82 assets
assets by path [1m[32minputs/[39m[22m 8.65 KiB 36 assets
assets by path [1m[32mbuttons/[39m[22m 2.15 KiB
  assets by path [1m[32mbuttons/*.map[39m[22m 1.22 KiB 5 assets
  assets by path [1m[32mbuttons/*.ts[39m[22m 953 bytes 5 assets
assets by path [1m[32mselection/[39m[22m 1.08 KiB
  assets by path [1m[32mselection/*.map[39m[22m 657 bytes 3 assets
  assets by path [1m[32mselection/*.ts[39m[22m 445 bytes 3 assets
assets by path [1m[32m*.map[39m[22m 17 KiB
  asset [1m[32mtypes.d.ts.map[39m[22m 13.5 KiB [1m[33m[compared for emit][39m[22m
  + 3 assets
assets by path [1m[32m*.ts[39m[22m 16 KiB
  asset [1m[32mtypes.d.ts[39m[22m 11.8 KiB [1m[33m[compared for emit][39m[22m
  + 3 assets
asset [1m[32mindex.js[39m[22m 184 KiB [1m[33m[compared for emit][39m[22m (name: index) 1 related asset
runtime modules 670 bytes 3 modules
modules by path [1m./src/components/*.ts[39m[22m 92.2 KiB 41 modules
modules by path [1m./src/inputs/*.ts[39m[22m 4.61 KiB
  [1m./src/inputs/createTextInput.ts[39m[22m 276 bytes [1m[33m[built][39m[22m [1m[33m[code generated][39m[22m
  + 16 modules
modules by path [1m./src/buttons/*.ts[39m[22m 1.78 KiB
  [1m./src/buttons/createButton.ts[39m[22m 690 bytes [1m[33m[built][39m[22m [1m[33m[code generated][39m[22m
  + 4 modules
modules by path [1m./src/*.ts[39m[22m 4.75 KiB
  [1m./src/index.ts[39m[22m 2.08 KiB [1m[33m[built][39m[22m [1m[33m[code generated][39m[22m
  + 2 modules
modules by path [1m./src/selection/*.ts[39m[22m 2.89 KiB
  [1m./src/selection/createSelect.ts[39m[22m 1.71 KiB [1m[33m[built][39m[22m [1m[33m[code generated][39m[22m
  [1m./src/selection/createRadio.ts[39m[22m 1.18 KiB [1m[33m[built][39m[22m [1m[33m[code generated][39m[22m
[1m./node_modules/domelemjs/dist/index.js[39m[22m 4.17 KiB [1m[33m[built][39m[22m [1m[33m[code generated][39m[22m
webpack 5.107.2 compiled [1m[32msuccessfully[39m[22m in 6858 ms

documentation:
  assets by path [1m[32mexamples/*.js[39m[22m 3.45 MiB
    asset [1m[32mexamples/menu.js[39m[22m 213 KiB [1m[33m[compared for emit][39m[22m (name: examples/menu) 1 related asset
    asset [1m[32mexamples/draganddrop.js[39m[22m 213 KiB [1m[33m[compared for emit][39m[22m (name: examples/draganddrop) 1 related asset
    asset [1m[32mexamples/carousel.js[39m[22m 213 KiB [1m[33m[compared for emit][39m[22m (name: examples/carousel) 1 related asset
    asset [1m[32mexamples/drawer.js[39m[22m 211 KiB [1m[33m[compared for emit][39m[22m (name: examples/drawer) 1 related asset
    asset [1m[32mexamples/forms.js[39m[22m 211 KiB [1m[33m[compared for emit][39m[22m (name: examples/forms) 1 related asset
    asset [1m[32mexamples/index.js[39m[22m 208 KiB [1m[33m[compared for emit][39m[22m (name: examples/index) 1 related asset
    asset [1m[32mexamples/interactive.js[39m[22m 208 KiB [1m[33m[compared for emit][39m[22m (name: examples/interactive) 1 related asset
    asset [1m[32mexamples/feedback.js[39m[22m 208 KiB [1m[33m[compared for emit][39m[22m (name: examples/feedback) 1 related asset
    + 9 assets
  assets by path [1m[32mdemos/*.js[39m[22m 253 KiB
    asset [1m[32mdemos/demo1-landing.js[39m[22m 192 KiB [1m[33m[compared for emit][39m[22m (name: demos/demo1-landing) 1 related asset
    asset [1m[32mdemos/demo3-dashboard.js[39m[22m 23.9 KiB [1m[33m[compared for emit][39m[22m (name: demos/demo3-dashboard) 1 related asset
    asset [1m[32mdemos/demo4-social.js[39m[22m 20.5 KiB [1m[33m[compared for emit][39m[22m (name: demos/demo4-social) 1 related asset
    asset [1m[32mdemos/demo2-tech.js[39m[22m 16.3 KiB [1m[33m[compared for emit][39m[22m (name: demos/demo2-tech) 1 related asset
  runtime modules 13.7 KiB 63 modules
  cacheable modules 234 KiB
    modules by path [1m./src/[39m[22m 106 KiB
      modules by path [1m./src/components/*.ts[39m[22m 92.2 KiB 41 modules
      modules by path [1m./src/inputs/*.ts[39m[22m 4.61 KiB 17 modules
      modules by path [1m./src/buttons/*.ts[39m[22m 1.78 KiB 5 modules
      modules by path [1m./src/*.ts[39m[22m 4.75 KiB 3 modules
      modules by path [1m./src/selection/*.ts[39m[22m 2.89 KiB 2 modules
    modules by path [1m./documentation/[39m[22m 124 KiB
      modules by path [1m./documentation/examples/*.ts[39m[22m 76.4 KiB 17 modules
      modules by path [1m./documentation/page-components/*.ts[39m[22m 10.9 KiB 7 modules
      modules by path [1m./documentation/demos/*.ts[39m[22m 36.7 KiB
        [1m./documentation/demos/demo1-landing.ts[39m[22m 6.25 KiB [1m[33m[built][39m[22m [1m[33m[code generated][39m[22m
        + 3 modules
    [1m./node_modules/domelemjs/dist/index.js[39m[22m 4.17 KiB [1m[33m[built][39m[22m [1m[33m[code generated][39m[22m

  [1m[31mERROR[39m[22m in [1mE:\Projects\createDOMBlocks\documentation\examples\carousel.ts[39m[22m
  [1m./documentation/examples/carousel.ts[39m[22m [1m[32m95:4-10[39m[22m
  [1m[tsl] [1m[31mERROR[39m[22m[1m in E:\Projects\createDOMBlocks\documentation\examples\carousel.ts(95,5)
        TS2322: Type 'HTMLElement | null' is not assignable to type 'string | HTMLElement'.
    Type 'null' is not assignable to type 'string | HTMLElement'.[39m[22m
  ts-loader-default_6c2055a4428e133d

  [1m[31mERROR[39m[22m in [1mE:\Projects\createDOMBlocks\documentation\examples\carousel.ts[39m[22m
  [1m./documentation/examples/carousel.ts[39m[22m [1m[32m130:4-10[39m[22m
  [1m[tsl] [1m[31mERROR[39m[22m[1m in E:\Projects\createDOMBlocks\documentation\examples\carousel.ts(130,5)
        TS2322: Type 'HTMLElement | null' is not assignable to type 'string | HTMLElement'.
    Type 'null' is not assignable to type 'string | HTMLElement'.[39m[22m
  ts-loader-default_6c2055a4428e133d

  [1m[31mERROR[39m[22m in [1mE:\Projects\createDOMBlocks\documentation\examples\index.ts[39m[22m
  [1m./documentation/examples/index.ts[39m[22m [1m[32m7:4-10[39m[22m
  [1m[tsl] [1m[31mERROR[39m[22m[1m in E:\Projects\createDOMBlocks\documentation\examples\index.ts(7,5)
        TS2322: Type 'HTMLElement | null' is not assignable to type 'string | HTMLElement'.
    Type 'null' is not assignable to type 'string | HTMLElement'.[39m[22m
  ts-loader-default_6c2055a4428e133d

  [1m[31mERROR[39m[22m in [1mE:\Projects\createDOMBlocks\documentation\examples\index.ts[39m[22m
  [1m./documentation/examples/index.ts[39m[22m [1m[32m20:4-10[39m[22m
  [1m[tsl] [1m[31mERROR[39m[22m[1m in E:\Projects\createDOMBlocks\documentation\examples\index.ts(20,5)
        TS2322: Type 'HTMLElement | null' is not assignable to type 'string | HTMLElement'.
    Type 'null' is not assignable to type 'string | HTMLElement'.[39m[22m
  ts-loader-default_6c2055a4428e133d

  [1m[31mERROR[39m[22m in [1mE:\Projects\createDOMBlocks\documentation\examples\index.ts[39m[22m
  [1m./documentation/examples/index.ts[39m[22m [1m[32m48:4-10[39m[22m
  [1m[tsl] [1m[31mERROR[39m[22m[1m in E:\Projects\createDOMBlocks\documentation\examples\index.ts(48,5)
        TS2322: Type 'HTMLElement | null' is not assignable to type 'string | HTMLElement'.
    Type 'null' is not assignable to type 'string | HTMLElement'.[39m[22m
  ts-loader-default_6c2055a4428e133d

  [1m[31mERROR[39m[22m in [1mE:\Projects\createDOMBlocks\documentation\examples\index.ts[39m[22m
  [1m./documentation/examples/index.ts[39m[22m [1m[32m66:4-10[39m[22m
  [1m[tsl] [1m[31mERROR[39m[22m[1m in E:\Projects\createDOMBlocks\documentation\examples\index.ts(66,5)
        TS2322: Type 'HTMLElement | null' is not assignable to type 'string | HTMLElement'.
    Type 'null' is not assignable to type 'string | HTMLElement'.[39m[22m
  ts-loader-default_6c2055a4428e133d

  [1mdocumentation[39m[22m (webpack 5.107.2) compiled with [1m[31m6 errors[39m[22m in 6819 ms
